<?xml version="1.0" encoding="UTF-8"?>
<!-- Generated by org.testng.reporters.JUnitReportReporter -->
<testsuite hostname="ATMECSINLT-060" failures="0" tests="1" name="com.atmecs.automationAspireportal.testscript.TC02_Manager_ActionReject" time="61.382" errors="0" timestamp="11 Nov 2020 15:52:26 GMT" skipped="0">
  <testcase classname="com.atmecs.automationAspireportal.testscript.TC02_Manager_ActionReject" name="Manager_Action_Reject" time="61.382"/>
</testsuite> <!-- com.atmecs.automationAspireportal.testscript.TC02_Manager_ActionReject -->
