<?xml version="1.0" encoding="UTF-8"?>
<!-- Generated by org.testng.reporters.JUnitReportReporter -->
<testsuite hostname="ATMECSINLT-060" failures="0" tests="1" name="com.atmecs.automationAspireportal.testscript.SampleTestScript" time="14.055" errors="0" timestamp="09 Nov 2020 07:24:00 GMT" skipped="0">
  <testcase classname="com.atmecs.automationAspireportal.testscript.SampleTestScript" name="sampleTest" time="14.055"/>
</testsuite> <!-- com.atmecs.automationAspireportal.testscript.SampleTestScript -->
