<?xml version="1.0" encoding="UTF-8"?>
<!-- Generated by org.testng.reporters.JUnitReportReporter -->
<testsuite hostname="ATMECSINLT-060" failures="0" tests="1" name="com.atmecs.automationAspireportal.testscript.TC02_ManagerPage" time="61.445" errors="0" timestamp="10 Nov 2020 07:55:48 GMT" skipped="0">
  <testcase classname="com.atmecs.automationAspireportal.testscript.TC02_ManagerPage" name="ManagerPage" time="61.445"/>
</testsuite> <!-- com.atmecs.automationAspireportal.testscript.TC02_ManagerPage -->
