<?xml version="1.0" encoding="UTF-8"?>
<!-- Generated by org.testng.reporters.JUnitReportReporter -->
<testsuite hostname="ATMECSINLT-060" failures="0" tests="1" name="com.atmecs.automationAspireportal.testscript.TC04_Manager_Reject" time="48.960" errors="0" timestamp="12 Nov 2020 14:08:21 GMT" skipped="0">
  <testcase classname="com.atmecs.automationAspireportal.testscript.TC04_Manager_Reject" name="Manager_Action_Reject" time="48.960"/>
</testsuite> <!-- com.atmecs.automationAspireportal.testscript.TC04_Manager_Reject -->
