<?xml version="1.0" encoding="UTF-8"?>
<!-- Generated by org.testng.reporters.JUnitReportReporter -->
<testsuite hostname="ATMECSINLT-060" failures="0" tests="1" name="com.atmecs.automationAspireportal.testscript.TC01_Manager_ActionApprove" time="27.897" errors="0" timestamp="13 Nov 2020 08:31:27 GMT" skipped="0">
  <testcase classname="com.atmecs.automationAspireportal.testscript.TC01_Manager_ActionApprove" name="EmployeePage" time="27.897"/>
</testsuite> <!-- com.atmecs.automationAspireportal.testscript.TC01_Manager_ActionApprove -->
