<?xml version="1.0" encoding="UTF-8"?>
<!-- Generated by org.testng.reporters.JUnitReportReporter -->
<testsuite hostname="ATMECSINLT-060" failures="0" tests="1" name="com.atmecs.automationAspireportal.testscript.TC01_LoginPage" time="19.628" errors="0" timestamp="09 Nov 2020 12:27:41 GMT" skipped="0">
  <testcase classname="com.atmecs.automationAspireportal.testscript.TC01_LoginPage" name="LoginPage" time="19.628"/>
</testsuite> <!-- com.atmecs.automationAspireportal.testscript.TC01_LoginPage -->
