<?xml version="1.0" encoding="UTF-8"?>
<!-- Generated by org.testng.reporters.JUnitReportReporter -->
<testsuite hostname="ATMECSINLT-060" failures="0" tests="1" name="com.atmecs.automationAspireportal.testscript.TC03_Manager_Approve" time="49.275" errors="0" timestamp="12 Nov 2020 10:01:56 GMT" skipped="0">
  <testcase classname="com.atmecs.automationAspireportal.testscript.TC03_Manager_Approve" name="Manager_Approve" time="49.275"/>
</testsuite> <!-- com.atmecs.automationAspireportal.testscript.TC03_Manager_Approve -->
