<?xml version="1.0" encoding="UTF-8"?>
<!-- Generated by org.testng.reporters.JUnitReportReporter -->
<testsuite hostname="ATMECSINLT-060" failures="0" tests="1" name="com.atmecs.automationAspireportal.testscript.TC01_EmployeePage" time="37.257" errors="0" timestamp="10 Nov 2020 13:40:29 GMT" skipped="0">
  <testcase classname="com.atmecs.automationAspireportal.testscript.TC01_EmployeePage" name="EmployeePage" time="37.257"/>
</testsuite> <!-- com.atmecs.automationAspireportal.testscript.TC01_EmployeePage -->
